##############################################################################
#                                                                            #
# IAR Atmel AVR C/EC++ Compiler V2.28A/WIN             05/May/2021  11:04:53 #
# Copyright 1996-2002 IAR Systems. All rights reserved.                      #
#                                                                            #
#    Source file  =  D:\Projects\FlashLoader_AT644\Source\Global.c           #
#    Command line =  D:\Projects\FlashLoader_AT644\Source\Global.c           #
#                    -IC:\IARSystems\avr\inc\ -ID:\Projects\FlashLoader_AT64 #
#                    4\Source\ -lA D:\Projects\FlashLoader_AT644\Out\ -lC    #
#                    D:\Projects\FlashLoader_AT644\Out\ -o                   #
#                    D:\Projects\FlashLoader_AT644\Out\ -e -s3 --cpu=m16     #
#                    --memory_model=small --eeprom_size=2048                 #
#                    --initializers_in_flash                                 #
#    List file    =  D:\Projects\FlashLoader_AT644\Out\Global.lst            #
#    Object file  =  D:\Projects\FlashLoader_AT644\Out\Global.r90            #
#                                                                            #
#                                                                            #
##############################################################################

      1          /*~-1*/
      2          /*~XSF_LANGUAGE: C/C++*/
      3          /*~A:1*/
      4          /*~+:Header*/
      5          /*~T*/
      6          /* SOURCE FILE    <Global.c>
      7          
      8           **************************************************************************
      9           *  PROJECT       <FlashLoader_AT644>
     10           *  MODULE        <Global>
     11           *  RESPONSIBLE   <Cristian Zaslo>
     12           **************************************************************************
     13           *  PURPOSE:      Global data and definitions
     14           *
     15           *
     16           **************************************************************************
     17           *  REMARKS:
     18           *  none
     19           *
     20           **************************************************************************
     21           *  CHANGE HISTORY:
     22           *
     23           *  Rev 1.0   Mar 01 2021    CrZa
     24           *  Initial revision.
     25           *
     26           *************************************************************************/
     27          
     28          
     29          
     30          
     31          /*~E:A1*/
     32          /*~A:2*/
     33          /*~+:Includes*/
     34          /*~T*/
     35          #include "Global.h"
     36          
     37          /*~E:A2*/
     38          /*~A:3*/
     39          /*~+:Types*/
     40          /*~T*/
     41          
     42          /*~E:A3*/
     43          /*~A:4*/
     44          /*~+:Constants*/
     45          /*~T*/
     46          
     47          /*~E:A4*/
     48          /*~A:5*/
     49          /*~+:Variables*/
     50          /*~T*/
     51          
     52          /*~E:A5*/
     53          /*~A:6*/
     54          /*~+:Macros*/
     55          /*~T*/
     56          
     57          /*~E:A6*/
     58          /*~A:7*/
     59          /*~+:Flags / Bit Masks*/
     60          /*~T*/
     61          
     62          /*~E:A7*/
     63          /*~A:8*/
     64          /*~+:Function prototypes*/
     65          /*~T*/
     66          
     67          /*~E:A8*/
     68          /*~A:9*/
     69          /*~+:void GL_v_Init (void)*/
     70          /*~F:10*/

   \                                 In segment CODE, align 2, keep-with-next
     71          void GL_v_Init (void)
     72          /*~-1*/
     73          {
     74             /*~T*/
     75             /* initialization */
     76          /*~-1*/
     77          }
   \   __nearfunc void GL_v_Init();
   \                     GL_v_Init:
   \   00000000   9508                       RET
     78          /*~E:F10*/
     79          /*~E:A9*/

   Maximum stack usage in bytes:

     Function   CSTACK  RSTACK
     --------   ------  ------
     GL_v_Init      0       0 

 
      2 bytes in segment CODE
 
      2 bytes of CODE memory

Errors: none
Warnings: none
